#
# There is insufficient memory for the Java Runtime Environment to continue.
# Native memory allocation (malloc) failed to allocate 1120176 bytes for Chunk::new
# Possible reasons:
#   The system is out of physical RAM or swap space
#   In 32 bit mode, the process size limit was hit
# Possible solutions:
#   Reduce memory load on the system
#   Increase physical memory or swap space
#   Check if swap backing store is full
#   Use 64 bit Java on a 64 bit OS
#   Decrease Java heap size (-Xmx/-Xms)
#   Decrease number of Java threads
#   Decrease Java thread stack sizes (-Xss)
#   Set larger code cache with -XX:ReservedCodeCacheSize=
# This output file may be truncated or incomplete.
#
#  Out of Memory Error (allocation.cpp:390), pid=5212, tid=0x0000000000002308
#
# JRE version: OpenJDK Runtime Environment (8.0_152-b01) (build 1.8.0_152-release-915-b01)
# Java VM: OpenJDK 64-Bit Server VM (25.152-b01 mixed mode windows-amd64 compressed oops)
# Failed to write core dump. Minidumps are not enabled by default on client versions of Windows
#

---------------  T H R E A D  ---------------

Current thread (0x0000000018240000):  JavaThread "C2 CompilerThread1" daemon [_thread_in_native, id=8968, stack(0x00000000199a0000,0x0000000019aa0000)]

Stack: [0x00000000199a0000,0x0000000019aa0000]
[error occurred during error reporting (printing stack bounds), id 0xc0000005]

Native frames: (J=compiled Java code, j=interpreted, Vv=VM code, C=native code)


Current CompileTask:
C2:1335907 20511       4       com.android.dx.ssa.SsaRenamer$BlockRenamer::process (191 bytes)


---------------  P R O C E S S  ---------------

Java Threads: ( => current thread )
  0x000000001c63c800 JavaThread "ForkJoinPool.commonPool-worker-0" daemon [_thread_blocked, id=14124, stack(0x000000004f040000,0x000000004f140000)]
  0x00000000202df000 JavaThread "ForkJoinPool.commonPool-worker-7" daemon [_thread_blocked, id=8360, stack(0x000000004ef40000,0x000000004f040000)]
  0x00000000202de800 JavaThread "ForkJoinPool.commonPool-worker-6" daemon [_thread_blocked, id=11972, stack(0x000000004ee40000,0x000000004ef40000)]
  0x00000000202dd800 JavaThread "ForkJoinPool.commonPool-worker-5" daemon [_thread_blocked, id=11856, stack(0x000000004ed40000,0x000000004ee40000)]
  0x00000000202e3800 JavaThread "Cache worker for Java compile cache (C:\Users\USER\AndroidStudioProjects\Holographic\.gradle\4.1\javaCompile)" [_thread_blocked, id=2184, stack(0x000000004ec40000,0x000000004ed40000)]
  0x00000000202e2000 JavaThread "Task worker for ':' Thread 3" [_thread_blocked, id=6236, stack(0x000000004eb40000,0x000000004ec40000)]
  0x00000000202e3000 JavaThread "Task worker for ':' Thread 2" [_thread_blocked, id=480, stack(0x000000004ea40000,0x000000004eb40000)]
  0x00000000202dd000 JavaThread "Task worker for ':'" [_thread_in_native, id=6628, stack(0x000000004e940000,0x000000004ea40000)]
  0x00000000202e1800 JavaThread "Cache worker for task history cache (C:\Users\USER\AndroidStudioProjects\Holographic\.gradle\4.1\taskHistory)" [_thread_blocked, id=3316, stack(0x000000004e840000,0x000000004e940000)]
  0x000000001ea2d000 JavaThread "Cache worker for file content cache (C:\Users\USER\AndroidStudioProjects\Holographic\.gradle\4.1\fileContent)" [_thread_blocked, id=10116, stack(0x000000004e740000,0x000000004e840000)]
  0x000000001ea2a800 JavaThread "build operations Thread 4" [_thread_blocked, id=12468, stack(0x000000004e640000,0x000000004e740000)]
  0x000000001ea2a000 JavaThread "build operations Thread 3" [_thread_blocked, id=12476, stack(0x000000004e540000,0x000000004e640000)]
  0x000000001ea2f000 JavaThread "build operations Thread 2" [_thread_blocked, id=13408, stack(0x000000004e440000,0x000000004e540000)]
  0x000000001ea2d800 JavaThread "build operations" [_thread_blocked, id=13000, stack(0x000000004e340000,0x000000004e440000)]
  0x000000001ea2e800 JavaThread "Cache worker for Artifact transforms cache (C:\Users\USER\.gradle\caches\transforms-1)" [_thread_blocked, id=5416, stack(0x000000004e240000,0x000000004e340000)]
  0x000000001ea28800 JavaThread "Cache worker for file hash cache (C:\Users\USER\AndroidStudioProjects\Holographic\.gradle\4.1\fileHashes)" [_thread_blocked, id=14276, stack(0x000000004e140000,0x000000004e240000)]
  0x000000001ea20000 JavaThread "Stdin handler" [_thread_blocked, id=8816, stack(0x000000004e040000,0x000000004e140000)]
  0x000000001ea27000 JavaThread "Asynchronous log dispatcher for DefaultDaemonConnection: socket connection from /127.0.0.1:65350 to /127.0.0.1:49303" [_thread_blocked, id=6600, stack(0x000000004df40000,0x000000004e040000)]
  0x000000001ea26000 JavaThread "Daemon worker Thread 5" [_thread_blocked, id=6276, stack(0x000000004de40000,0x000000004df40000)]
  0x000000001ea24000 JavaThread "Cancel handler" [_thread_blocked, id=11420, stack(0x000000004dd40000,0x000000004de40000)]
  0x000000001ea23000 JavaThread "Handler for socket connection from /127.0.0.1:65350 to /127.0.0.1:49303" [_thread_in_native, id=3744, stack(0x000000004dc40000,0x000000004dd40000)]
  0x000000001ea22800 JavaThread "Daemon Thread 5" [_thread_blocked, id=7132, stack(0x000000004db40000,0x000000004dc40000)]
  0x00000000202e0000 JavaThread "Memory manager" [_thread_blocked, id=8708, stack(0x0000000023080000,0x0000000023180000)]
  0x000000001c63a800 JavaThread "pool-1-thread-1" [_thread_blocked, id=2972, stack(0x0000000022f80000,0x0000000023080000)]
  0x000000001c76b800 JavaThread "File lock request listener" [_thread_in_native, id=8164, stack(0x000000001e640000,0x000000001e740000)]
  0x000000001c59a800 JavaThread "Cache worker for file hash cache (C:\Users\USER\.gradle\caches\4.1\fileHashes)" [_thread_blocked, id=10656, stack(0x000000001e340000,0x000000001e440000)]
  0x000000001c5e0800 JavaThread "Daemon periodic checks" [_thread_blocked, id=13628, stack(0x000000001b6e0000,0x000000001b7e0000)]
  0x000000001bcc7800 JavaThread "Incoming local TCP Connector on port 65350" [_thread_in_native, id=14180, stack(0x000000001b4e0000,0x000000001b5e0000)]
  0x000000001829c800 JavaThread "Service Thread" daemon [_thread_blocked, id=9644, stack(0x0000000019fa0000,0x000000001a0a0000)]
  0x0000000018253800 JavaThread "C1 CompilerThread2" daemon [_thread_blocked, id=11600, stack(0x0000000019aa0000,0x0000000019ba0000)]
=>0x0000000018240000 JavaThread "C2 CompilerThread1" daemon [_thread_in_native, id=8968, stack(0x00000000199a0000,0x0000000019aa0000)]
  0x000000001823d800 JavaThread "C2 CompilerThread0" daemon [_thread_in_native, id=9816, stack(0x00000000198a0000,0x00000000199a0000)]
  0x000000001823b800 JavaThread "Attach Listener" daemon [_thread_blocked, id=5712, stack(0x00000000197a0000,0x00000000198a0000)]
  0x000000001823a800 JavaThread "Signal Dispatcher" daemon [_thread_blocked, id=10612, stack(0x00000000196a0000,0x00000000197a0000)]
  0x00000000048cd000 JavaThread "Finalizer" daemon [_thread_blocked, id=3468, stack(0x00000000194a0000,0x00000000195a0000)]
  0x00000000048c2000 JavaThread "Reference Handler" daemon [_thread_blocked, id=8836, stack(0x00000000193a0000,0x00000000194a0000)]
  0x00000000047d2800 JavaThread "main" [_thread_blocked, id=1556, stack(0x00000000046d0000,0x00000000047d0000)]

Other Threads:
  0x0000000018206800 VMThread [stack: 0x00000000192a0000,0x00000000193a0000] [id=3036]
  0x0000000019bf6800 WatcherThread [stack: 0x000000001a0a0000,0x000000001a1a0000] [id=1544]

VM state:not at safepoint (normal execution)

VM Mutex/Monitor currently owned by a thread: None

Heap:
 PSYoungGen      total 476160K, used 195652K [0x00000000e0000000, 0x00000000ffd00000, 0x0000000100000000)
  eden space 434176K, 43% used [0x00000000e0000000,0x00000000eb7a7290,0x00000000fa800000)
  from space 41984K, 18% used [0x00000000fd400000,0x00000000fdb69f20,0x00000000ffd00000)
  to   space 43520K, 0% used [0x00000000fa800000,0x00000000fa800000,0x00000000fd280000)
 ParOldGen       total 178688K, used 93662K [0x00000000a0000000, 0x00000000aae80000, 0x00000000e0000000)
  object space 178688K, 52% used [0x00000000a0000000,0x00000000a5b77890,0x00000000aae80000)
 Metaspace       used 78121K, capacity 83006K, committed 83288K, reserved 1122304K
  class space    used 9771K, capacity 10831K, committed 10880K, reserved 1048576K

Card table byte_map: [0x0000000013c90000,0x0000000013fa0000] byte_map_base: 0x0000000013790000

Marking Bits: (ParMarkBitMap*) 0x0000000058343950
 Begin Bits: [0x00000000145a0000, 0x0000000015da0000)
 End Bits:   [0x0000000015da0000, 0x00000000175a0000)

Polling page: 0x0000000002960000

CodeCache: size=245760Kb used=56897Kb max_used=57235Kb free=188862Kb
 bounds [0x00000000048d0000, 0x0000000008110000, 0x00000000138d0000]
 total_blobs=17086 nmethods=16247 adapters=751
 compilation: enabled

Compilation events (10 events):
Event: 1335.398 Thread 0x000000001823d800 20492       4       com.android.dx.ssa.SsaMethod::isRegALocal (90 bytes)
Event: 1335.398 Thread 0x0000000018253800 nmethod 20534 0x00000000067da6d0 code [0x00000000067da8c0, 0x00000000067db158]
Event: 1335.398 Thread 0x0000000018253800 20535       3       com.android.dx.merge.IndexMap::adjust (36 bytes)
Event: 1335.399 Thread 0x0000000018253800 nmethod 20535 0x000000000686c8d0 code [0x000000000686caa0, 0x000000000686d558]
Event: 1335.399 Thread 0x0000000018253800 20539       3       com.android.dex.Dex$ClassDefIterator::hasNext (26 bytes)
Event: 1335.399 Thread 0x0000000018253800 nmethod 20539 0x000000000785a150 code [0x000000000785a2c0, 0x000000000785a490]
Event: 1335.399 Thread 0x0000000018253800 20536       3       com.android.dx.merge.DexMerger$9::write (9 bytes)
Event: 1335.400 Thread 0x0000000018253800 nmethod 20536 0x0000000006986ad0 code [0x0000000006986ca0, 0x0000000006987598]
Event: 1335.403 Thread 0x0000000018253800 20542       3       com.android.dex.Dex$Section::used (13 bytes)
Event: 1335.403 Thread 0x0000000018253800 nmethod 20542 0x0000000006827d90 code [0x0000000006827ee0, 0x00000000068280d0]

GC Heap History (10 events):
Event: 928.754 GC heap before
{Heap before GC invocations=23 (full 3):
 PSYoungGen      total 369152K, used 366001K [0x00000000e0000000, 0x00000000fe680000, 0x0000000100000000)
  eden space 340992K, 100% used [0x00000000e0000000,0x00000000f4d00000,0x00000000f4d00000)
  from space 28160K, 88% used [0x00000000f4d00000,0x00000000f656c528,0x00000000f6880000)
  to   space 30720K, 0% used [0x00000000fc880000,0x00000000fc880000,0x00000000fe680000)
 ParOldGen       total 178688K, used 32618K [0x00000000a0000000, 0x00000000aae80000, 0x00000000e0000000)
  object space 178688K, 18% used [0x00000000a0000000,0x00000000a1fdaaf0,0x00000000aae80000)
 Metaspace       used 75116K, capacity 78446K, committed 78552K, reserved 1118208K
  class space    used 9506K, capacity 10237K, committed 10240K, reserved 1048576K
Event: 928.817 GC heap after
Heap after GC invocations=23 (full 3):
 PSYoungGen      total 451072K, used 30719K [0x00000000e0000000, 0x0000000100000000, 0x0000000100000000)
  eden space 420352K, 0% used [0x00000000e0000000,0x00000000e0000000,0x00000000f9a80000)
  from space 30720K, 99% used [0x00000000fc880000,0x00000000fe67fc80,0x00000000fe680000)
  to   space 47104K, 0% used [0x00000000f9a80000,0x00000000f9a80000,0x00000000fc880000)
 ParOldGen       total 178688K, used 66144K [0x00000000a0000000, 0x00000000aae80000, 0x00000000e0000000)
  object space 178688K, 37% used [0x00000000a0000000,0x00000000a40980e8,0x00000000aae80000)
 Metaspace       used 75116K, capacity 78446K, committed 78552K, reserved 1118208K
  class space    used 9506K, capacity 10237K, committed 10240K, reserved 1048576K
}
Event: 933.489 GC heap before
{Heap before GC invocations=24 (full 3):
 PSYoungGen      total 451072K, used 450096K [0x00000000e0000000, 0x0000000100000000, 0x0000000100000000)
  eden space 420352K, 99% used [0x00000000e0000000,0x00000000f998c528,0x00000000f9a80000)
  from space 30720K, 99% used [0x00000000fc880000,0x00000000fe67fc80,0x00000000fe680000)
  to   space 47104K, 0% used [0x00000000f9a80000,0x00000000f9a80000,0x00000000fc880000)
 ParOldGen       total 178688K, used 66144K [0x00000000a0000000, 0x00000000aae80000, 0x00000000e0000000)
  object space 178688K, 37% used [0x00000000a0000000,0x00000000a40980e8,0x00000000aae80000)
 Metaspace       used 75272K, capacity 78614K, committed 78936K, reserved 1118208K
  class space    used 9511K, capacity 10245K, committed 10368K, reserved 1048576K
Event: 933.523 GC heap after
Heap after GC invocations=24 (full 3):
 PSYoungGen      total 467456K, used 14870K [0x00000000e0000000, 0x0000000100000000, 0x0000000100000000)
  eden space 420352K, 0% used [0x00000000e0000000,0x00000000e0000000,0x00000000f9a80000)
  from space 47104K, 31% used [0x00000000f9a80000,0x00000000fa905b68,0x00000000fc880000)
  to   space 45568K, 0% used [0x00000000fd380000,0x00000000fd380000,0x0000000100000000)
 ParOldGen       total 178688K, used 83263K [0x00000000a0000000, 0x00000000aae80000, 0x00000000e0000000)
  object space 178688K, 46% used [0x00000000a0000000,0x00000000a514ff30,0x00000000aae80000)
 Metaspace       used 75272K, capacity 78614K, committed 78936K, reserved 1118208K
  class space    used 9511K, capacity 10245K, committed 10368K, reserved 1048576K
}
Event: 1071.658 GC heap before
{Heap before GC invocations=25 (full 3):
 PSYoungGen      total 467456K, used 435181K [0x00000000e0000000, 0x0000000100000000, 0x0000000100000000)
  eden space 420352K, 99% used [0x00000000e0000000,0x00000000f9a75af0,0x00000000f9a80000)
  from space 47104K, 31% used [0x00000000f9a80000,0x00000000fa905b68,0x00000000fc880000)
  to   space 45568K, 0% used [0x00000000fd380000,0x00000000fd380000,0x0000000100000000)
 ParOldGen       total 178688K, used 83263K [0x00000000a0000000, 0x00000000aae80000, 0x00000000e0000000)
  object space 178688K, 46% used [0x00000000a0000000,0x00000000a514ff30,0x00000000aae80000)
 Metaspace       used 76176K, capacity 79822K, committed 80088K, reserved 1118208K
  class space    used 9575K, capacity 10413K, committed 10496K, reserved 1048576K
Event: 1071.676 GC heap after
Heap after GC invocations=25 (full 3):
 PSYoungGen      total 474624K, used 6568K [0x00000000e0000000, 0x00000000ffd80000, 0x0000000100000000)
  eden space 431616K, 0% used [0x00000000e0000000,0x00000000e0000000,0x00000000fa580000)
  from space 43008K, 15% used [0x00000000fd380000,0x00000000fd9ea3a8,0x00000000ffd80000)
  to   space 45056K, 0% used [0x00000000fa580000,0x00000000fa580000,0x00000000fd180000)
 ParOldGen       total 178688K, used 92218K [0x00000000a0000000, 0x00000000aae80000, 0x00000000e0000000)
  object space 178688K, 51% used [0x00000000a0000000,0x00000000a5a0e900,0x00000000aae80000)
 Metaspace       used 76176K, capacity 79822K, committed 80088K, reserved 1118208K
  class space    used 9575K, capacity 10413K, committed 10496K, reserved 1048576K
}
Event: 1113.090 GC heap before
{Heap before GC invocations=26 (full 3):
 PSYoungGen      total 474624K, used 438184K [0x00000000e0000000, 0x00000000ffd80000, 0x0000000100000000)
  eden space 431616K, 100% used [0x00000000e0000000,0x00000000fa580000,0x00000000fa580000)
  from space 43008K, 15% used [0x00000000fd380000,0x00000000fd9ea3a8,0x00000000ffd80000)
  to   space 45056K, 0% used [0x00000000fa580000,0x00000000fa580000,0x00000000fd180000)
 ParOldGen       total 178688K, used 92218K [0x00000000a0000000, 0x00000000aae80000, 0x00000000e0000000)
  object space 178688K, 51% used [0x00000000a0000000,0x00000000a5a0e900,0x00000000aae80000)
 Metaspace       used 76637K, capacity 80492K, committed 80600K, reserved 1120256K
  class space    used 9608K, capacity 10474K, committed 10496K, reserved 1048576K
Event: 1113.100 GC heap after
Heap after GC invocations=26 (full 3):
 PSYoungGen      total 476672K, used 5411K [0x00000000e0000000, 0x0000000100000000, 0x0000000100000000)
  eden space 431616K, 0% used [0x00000000e0000000,0x00000000e0000000,0x00000000fa580000)
  from space 45056K, 12% used [0x00000000fa580000,0x00000000faac8f28,0x00000000fd180000)
  to   space 45056K, 0% used [0x00000000fd400000,0x00000000fd400000,0x0000000100000000)
 ParOldGen       total 178688K, used 93654K [0x00000000a0000000, 0x00000000aae80000, 0x00000000e0000000)
  object space 178688K, 52% used [0x00000000a0000000,0x00000000a5b75890,0x00000000aae80000)
 Metaspace       used 76637K, capacity 80492K, committed 80600K, reserved 1120256K
  class space    used 9608K, capacity 10474K, committed 10496K, reserved 1048576K
}
Event: 1210.266 GC heap before
{Heap before GC invocations=27 (full 3):
 PSYoungGen      total 476672K, used 437027K [0x00000000e0000000, 0x0000000100000000, 0x0000000100000000)
  eden space 431616K, 100% used [0x00000000e0000000,0x00000000fa580000,0x00000000fa580000)
  from space 45056K, 12% used [0x00000000fa580000,0x00000000faac8f28,0x00000000fd180000)
  to   space 45056K, 0% used [0x00000000fd400000,0x00000000fd400000,0x0000000100000000)
 ParOldGen       total 178688K, used 93654K [0x00000000a0000000, 0x00000000aae80000, 0x00000000e0000000)
  object space 178688K, 52% used [0x00000000a0000000,0x00000000a5b75890,0x00000000aae80000)
 Metaspace       used 77488K, capacity 81786K, committed 82136K, reserved 1120256K
  class space    used 9679K, capacity 10641K, committed 10752K, reserved 1048576K
Event: 1210.276 GC heap after
Heap after GC invocations=27 (full 3):
 PSYoungGen      total 476160K, used 7591K [0x00000000e0000000, 0x00000000ffd00000, 0x0000000100000000)
  eden space 434176K, 0% used [0x00000000e0000000,0x00000000e0000000,0x00000000fa800000)
  from space 41984K, 18% used [0x00000000fd400000,0x00000000fdb69f20,0x00000000ffd00000)
  to   space 43520K, 0% used [0x00000000fa800000,0x00000000fa800000,0x00000000fd280000)
 ParOldGen       total 178688K, used 93662K [0x00000000a0000000, 0x00000000aae80000, 0x00000000e0000000)
  object space 178688K, 52% used [0x00000000a0000000,0x00000000a5b77890,0x00000000aae80000)
 Metaspace       used 77488K, capacity 81786K, committed 82136K, reserved 1120256K
  class space    used 9679K, capacity 10641K, committed 10752K, reserved 1048576K
}

Deoptimization events (10 events):
Event: 1113.374 Thread 0x00000000202e2000 Uncommon trap: reason=unstable_if action=reinterpret pc=0x0000000006582a7c method=java.lang.Integer.parseInt(Ljava/lang/String;I)I @ 122
Event: 1113.418 Thread 0x00000000202e2000 Uncommon trap: reason=bimorphic action=maybe_recompile pc=0x00000000077d3694 method=com.android.utils.XmlUtils.append(Lcom/android/utils/XmlUtils$PositionAwareStringBuilder;Lorg/w3c/dom/Node;Ljava/util/Map;)V @ 230
Event: 1139.052 Thread 0x000000001ea22800 Uncommon trap: reason=bimorphic action=maybe_recompile pc=0x00000000064bac10 method=com.google.common.cache.LocalCache$Segment.storeLoadedValue(Ljava/lang/Object;ILcom/google/common/cache/LocalCache$LoadingValueReference;Ljava/lang/Object;)Z @ 286
Event: 1209.648 Thread 0x00000000202dd000 Uncommon trap: reason=class_check action=maybe_recompile pc=0x0000000006986e18 method=com.sun.tools.javac.code.Types$18.visitClassType(Lcom/sun/tools/javac/code/Type$ClassType;Ljava/lang/Void;)Lcom/sun/tools/javac/code/Type; @ 19
Event: 1209.806 Thread 0x00000000202dd000 Uncommon trap: reason=unstable_if action=reinterpret pc=0x00000000079d4a70 method=com.android.build.gradle.internal.incremental.InstantRunVerifier$1.areEqual(Lorg/objectweb/asm/tree/FieldNode;Lorg/objectweb/asm/tree/FieldNode;)Z @ 70
Event: 1209.806 Thread 0x00000000202dd000 Uncommon trap: reason=unstable_if action=reinterpret pc=0x0000000006e0c68c method=com.android.build.gradle.internal.incremental.InstantRunVerifier$1.areEqual(Lorg/objectweb/asm/tree/FieldNode;Lorg/objectweb/asm/tree/FieldNode;)Z @ 70
Event: 1210.319 Thread 0x00000000202e1800 Uncommon trap: reason=uninitialized action=reinterpret pc=0x00000000074f370c method=com.android.dx.cf.code.BytecodeArray.parseInstruction(ILcom/android/dx/cf/code/BytecodeArray$Visitor;)I @ 1031
Event: 1210.322 Thread 0x00000000202e1800 Uncommon trap: reason=bimorphic action=maybe_recompile pc=0x0000000007414164 method=com.android.dx.ssa.SCCP.setLatticeValueTo(IILcom/android/dx/rop/cst/Constant;)Z @ 43
Event: 1334.657 Thread 0x000000001ea2f000 Uncommon trap: reason=bimorphic action=maybe_recompile pc=0x00000000064bac10 method=com.google.common.cache.LocalCache$Segment.storeLoadedValue(Ljava/lang/Object;ILcom/google/common/cache/LocalCache$LoadingValueReference;Ljava/lang/Object;)Z @ 286
Event: 1335.091 Thread 0x000000001c63c800 Uncommon trap: reason=bimorphic action=maybe_recompile pc=0x0000000007414164 method=com.android.dx.ssa.SCCP.setLatticeValueTo(IILcom/android/dx/rop/cst/Constant;)Z @ 43

Classes redefined (0 events):
No events

Internal exceptions (10 events):
Event: 1139.830 Thread 0x000000001ea20000 Exception <a 'sun/nio/fs/WindowsException'> (0x00000000f26d3df8) thrown at [D:\src\AOSP-openjdk-cygwin\jdk8u\hotspot\src\share\vm\prims\jni.cpp, line 709]
Event: 1207.049 Thread 0x000000001ea24000 Exception <a 'java/lang/ClassNotFoundException': sync_local_repo32_eize7kmp1lqw7bdc0a13c534pBeanInfo> (0x00000000f2c6ab20) thrown at [D:\src\AOSP-openjdk-cygwin\jdk8u\hotspot\src\share\vm\classfile\systemDictionary.cpp, line 210]
Event: 1207.049 Thread 0x000000001ea24000 Exception <a 'java/lang/ClassNotFoundException': sync_local_repo32_eize7kmp1lqw7bdc0a13c534pCustomizer> (0x00000000f2c75118) thrown at [D:\src\AOSP-openjdk-cygwin\jdk8u\hotspot\src\share\vm\classfile\systemDictionary.cpp, line 210]
Event: 1207.666 Thread 0x000000001ea24000 Exception <a 'sun/nio/fs/WindowsException'> (0x00000000f5c3d920) thrown at [D:\src\AOSP-openjdk-cygwin\jdk8u\hotspot\src\share\vm\prims\jni.cpp, line 709]
Event: 1210.333 Thread 0x00000000202e1800 Exception <a 'sun/nio/fs/WindowsException'> (0x00000000e0868620) thrown at [D:\src\AOSP-openjdk-cygwin\jdk8u\hotspot\src\share\vm\prims\jni.cpp, line 709]
Event: 1211.029 Thread 0x000000001ea24000 Exception <a 'sun/nio/fs/WindowsException'> (0x00000000e2276d18) thrown at [D:\src\AOSP-openjdk-cygwin\jdk8u\hotspot\src\share\vm\prims\jni.cpp, line 709]
Event: 1332.032 Thread 0x000000001ea26000 Exception <a 'java/lang/ClassNotFoundException': sync_local_repo366_5ortsabciys8feah62oit4k7yBeanInfo> (0x00000000e2be2920) thrown at [D:\src\AOSP-openjdk-cygwin\jdk8u\hotspot\src\share\vm\classfile\systemDictionary.cpp, line 210]
Event: 1332.033 Thread 0x000000001ea26000 Exception <a 'java/lang/ClassNotFoundException': sync_local_repo366_5ortsabciys8feah62oit4k7yCustomizer> (0x00000000e2becf30) thrown at [D:\src\AOSP-openjdk-cygwin\jdk8u\hotspot\src\share\vm\classfile\systemDictionary.cpp, line 210]
Event: 1332.662 Thread 0x000000001ea26000 Exception <a 'sun/nio/fs/WindowsException'> (0x00000000e5bfa780) thrown at [D:\src\AOSP-openjdk-cygwin\jdk8u\hotspot\src\share\vm\prims\jni.cpp, line 709]
Event: 1335.100 Thread 0x000000001c63c800 Exception <a 'sun/nio/fs/WindowsException'> (0x00000000eae00950) thrown at [D:\src\AOSP-openjdk-cygwin\jdk8u\hotspot\src\share\vm\prims\jni.cpp, line 709]

Events (10 events):
Event: 1335.096 Thread 0x0000000018240000 flushing nmethod 0x0000000006986810
Event: 1335.100 Thread 0x0000000018253800 flushing nmethod 0x0000000006b79010
Event: 1335.100 Thread 0x0000000018253800 flushing nmethod 0x0000000006b7fad0
Event: 1335.100 Thread 0x0000000018253800 flushing nmethod 0x0000000006bd1a90
Event: 1335.100 Thread 0x0000000018253800 flushing nmethod 0x0000000006bfebd0
Event: 1335.100 Thread 0x0000000018253800 flushing nmethod 0x0000000006c16f10
Event: 1335.100 Thread 0x0000000018253800 flushing nmethod 0x0000000006c1e690
Event: 1335.101 Thread 0x0000000018253800 flushing nmethod 0x0000000006e0c310
Event: 1335.187 Thread 0x0000000018253800 flushing nmethod 0x000000000785a150
Event: 1335.188 Thread 0x0000000018253800 flushing nmethod 0x00000000079d46d0


Dynamic libraries:
0x00007ff7b33c0000 - 0x00007ff7b33f1000 	C:\Program Files\Android\Android Studio\jre\bin\java.exe
0x00007ffac2010000 - 0x00007ffac21f0000 	C:\WINDOWS\SYSTEM32\ntdll.dll
0x00007ffabed10000 - 0x00007ffabedbe000 	C:\WINDOWS\System32\KERNEL32.DLL
0x00007ffabe020000 - 0x00007ffabe286000 	C:\WINDOWS\System32\KERNELBASE.dll
0x00007ffac1f00000 - 0x00007ffac1fa1000 	C:\WINDOWS\System32\ADVAPI32.dll
0x00007ffabf850000 - 0x00007ffabf8ed000 	C:\WINDOWS\System32\msvcrt.dll
0x00007ffac1be0000 - 0x00007ffac1c3b000 	C:\WINDOWS\System32\sechost.dll
0x00007ffac1de0000 - 0x00007ffac1eff000 	C:\WINDOWS\System32\RPCRT4.dll
0x00007ffac0200000 - 0x00007ffac038f000 	C:\WINDOWS\System32\USER32.dll
0x00007ffabdc40000 - 0x00007ffabdc60000 	C:\WINDOWS\System32\win32u.dll
0x00007ffabfcc0000 - 0x00007ffabfce8000 	C:\WINDOWS\System32\GDI32.dll
0x00007ffabdcb0000 - 0x00007ffabde43000 	C:\WINDOWS\System32\gdi32full.dll
0x00007ffabe410000 - 0x00007ffabe4ab000 	C:\WINDOWS\System32\msvcp_win.dll
0x00007ffabe290000 - 0x00007ffabe386000 	C:\WINDOWS\System32\ucrtbase.dll
0x00007ffaac080000 - 0x00007ffaac2e9000 	C:\WINDOWS\WinSxS\amd64_microsoft.windows.common-controls_6595b64144ccf1df_6.0.16299.192_none_15c8cdae9364c23b\COMCTL32.dll
0x00007ffabf210000 - 0x00007ffabf518000 	C:\WINDOWS\System32\combase.dll
0x00007ffabe390000 - 0x00007ffabe402000 	C:\WINDOWS\System32\bcryptPrimitives.dll
0x00007ffac1fb0000 - 0x00007ffac1fdd000 	C:\WINDOWS\System32\IMM32.DLL
0x00000000598f0000 - 0x00000000599c2000 	C:\Program Files\Android\Android Studio\jre\jre\bin\msvcr100.dll
0x0000000057b80000 - 0x00000000583be000 	C:\Program Files\Android\Android Studio\jre\jre\bin\server\jvm.dll
0x00007ffac1cf0000 - 0x00007ffac1cf8000 	C:\WINDOWS\System32\PSAPI.DLL
0x00007ffaa59b0000 - 0x00007ffaa59b9000 	C:\WINDOWS\SYSTEM32\WSOCK32.dll
0x00007ffaabef0000 - 0x00007ffaabf13000 	C:\WINDOWS\SYSTEM32\WINMM.dll
0x00007ffac17d0000 - 0x00007ffac183c000 	C:\WINDOWS\System32\WS2_32.dll
0x00007ffaabec0000 - 0x00007ffaabeea000 	C:\WINDOWS\SYSTEM32\winmmbase.dll
0x00007ffabdc60000 - 0x00007ffabdcaa000 	C:\WINDOWS\System32\cfgmgr32.dll
0x00007ffab8be0000 - 0x00007ffab8bea000 	C:\WINDOWS\SYSTEM32\VERSION.dll
0x00007ffaba440000 - 0x00007ffaba44f000 	C:\Program Files\Android\Android Studio\jre\jre\bin\verify.dll
0x00007ffa9db00000 - 0x00007ffa9db29000 	C:\Program Files\Android\Android Studio\jre\jre\bin\java.dll
0x00007ffaac370000 - 0x00007ffaac386000 	C:\Program Files\Android\Android Studio\jre\jre\bin\zip.dll
0x00007ffac0390000 - 0x00007ffac17c6000 	C:\WINDOWS\System32\SHELL32.dll
0x00007ffac1c40000 - 0x00007ffac1ce6000 	C:\WINDOWS\System32\shcore.dll
0x00007ffabe560000 - 0x00007ffabeca7000 	C:\WINDOWS\System32\windows.storage.dll
0x00007ffac1840000 - 0x00007ffac1891000 	C:\WINDOWS\System32\shlwapi.dll
0x00007ffabdb90000 - 0x00007ffabdba1000 	C:\WINDOWS\System32\kernel.appcore.dll
0x00007ffabdbb0000 - 0x00007ffabdbfc000 	C:\WINDOWS\System32\powrprof.dll
0x00007ffabdc00000 - 0x00007ffabdc1b000 	C:\WINDOWS\System32\profapi.dll
0x00007ffaaadc0000 - 0x00007ffaaadda000 	C:\Program Files\Android\Android Studio\jre\jre\bin\net.dll
0x0000000180000000 - 0x000000018006d000 	C:\Windows\system32\LavasoftTcpService64.dll
0x00007ffabfcf0000 - 0x00007ffabfe39000 	C:\WINDOWS\System32\ole32.dll
0x00007ffac1d10000 - 0x00007ffac1dd5000 	C:\WINDOWS\System32\OLEAUT32.dll
0x00007ffabd420000 - 0x00007ffabd486000 	C:\WINDOWS\SYSTEM32\MSWSOCK.dll
0x00007ffabd1b0000 - 0x00007ffabd1e9000 	C:\WINDOWS\SYSTEM32\IPHLPAPI.DLL
0x00007ffabda90000 - 0x00007ffabdac0000 	C:\WINDOWS\SYSTEM32\SspiCli.dll
0x00007ffaaad60000 - 0x00007ffaaad71000 	C:\Program Files\Android\Android Studio\jre\jre\bin\nio.dll
0x00007ffab3440000 - 0x00007ffab345e000 	C:\Users\USER\.gradle\native\25\windows-amd64\native-platform.dll
0x00007ffabc1d0000 - 0x00007ffabc265000 	C:\WINDOWS\system32\uxtheme.dll
0x00007ffab1aa0000 - 0x00007ffab1aad000 	C:\Program Files\Android\Android Studio\jre\jre\bin\management.dll
0x00007ffabd5f0000 - 0x00007ffabd607000 	C:\WINDOWS\SYSTEM32\CRYPTSP.dll
0x00007ffabd030000 - 0x00007ffabd063000 	C:\WINDOWS\system32\rsaenh.dll
0x00007ffabd6f0000 - 0x00007ffabd715000 	C:\WINDOWS\SYSTEM32\bcrypt.dll
0x00007ffabdac0000 - 0x00007ffabdae9000 	C:\WINDOWS\SYSTEM32\USERENV.dll
0x00007ffabd5e0000 - 0x00007ffabd5eb000 	C:\WINDOWS\SYSTEM32\CRYPTBASE.dll
0x00007ffac1d00000 - 0x00007ffac1d08000 	C:\WINDOWS\System32\NSI.dll
0x00007ffab8d10000 - 0x00007ffab8d26000 	C:\WINDOWS\SYSTEM32\dhcpcsvc6.DLL
0x00007ffab96c0000 - 0x00007ffab96da000 	C:\WINDOWS\SYSTEM32\dhcpcsvc.DLL
0x00007ffabccd0000 - 0x00007ffabcd01000 	C:\WINDOWS\SYSTEM32\ntmarta.dll

VM Arguments:
jvm_args: -Xmx1536m -Dfile.encoding=windows-1250 -Duser.country=PL -Duser.language=pl -Duser.variant 
java_command: org.gradle.launcher.daemon.bootstrap.GradleDaemon 4.1
java_class_path (initial): C:\Users\USER\.gradle\wrapper\dists\gradle-4.1-all\bzyivzo6n839fup2jbap0tjew\gradle-4.1\lib\gradle-launcher-4.1.jar
Launcher Type: SUN_STANDARD

Environment Variables:
PATH=C:\Program Files\Common Files\Microsoft Shared\Windows Live;C:\ProgramData\Oracle\Java\javapath;C:\Program Files (x86)\NVIDIA Corporation\PhysX\Common;C:\Program Files (x86)\Intel\iCLS Client\;C:\Program Files\Intel\iCLS Client\;C:\WINDOWS\system32;C:\WINDOWS;C:\WINDOWS\System32\Wbem;C:\WINDOWS\System32\WindowsPowerShell\v1.0\;C:\Program Files (x86)\Intel\OpenCL SDK\2.0\bin\x86;C:\Program Files (x86)\Intel\OpenCL SDK\2.0\bin\x64;C:\Program Files\Intel\Intel(R) Management Engine Components\DAL;C:\Program Files\Intel\Intel(R) Management Engine Components\IPT;C:\Program Files (x86)\Intel\Intel(R) Management Engine Components\DAL;C:\Program Files (x86)\Intel\Intel(R) Management Engine Components\IPT;C:\Program Files\Microsoft\Web Platform Installer\;C:\Program Files (x86)\Microsoft ASP.NET\ASP.NET Web Pages\v1.0\;C:\Program Files (x86)\Windows Kits\8.0\Windows Performance Toolkit\;C:\Program Files\Calibre2\;C:\Program Files (x86)\GNU\GnuPG\pub;C:\Program Files\Git\cmd;C:\Program Files\nodejs\;C:\WINDOWS\system32\config\systemprofile\.dnx\bin;C:\Program Files\Microsoft DNX\Dnvm\;C:\Program Files\Microsoft SQL Server\130\Tools\Binn\;C:\Users\USER\AppData\Roaming\npm\;C:\Users\USER\.gradle\gradle-4.0\bin\;C:\Program Files (x86)\Skype\Phone\;C:\Program Files (x86)\Brackets\command;C:\Program Files (x86)\Microsoft SQL Server\Client SDK\ODBC\130\Tools\Binn\;C:\Program Files (x86)\Microsoft SQL Server\140\Tools\Binn\;C:\Program Files (x86)\Microsoft SQL Server\140\DTS\Binn\;C:\Program Files (x86)\Microsoft SQL Server\140\Tools\Binn\ManagementStudio\;C:\Program Files\Common Files\Microsoft Shared\Windows Live;C:\Program Files\Java\jdk1.8.0_45\bin\;C:\Users\USER\AppData\Roaming\npm\;C:\sqlite\sqlite-tools-win32-x86-3190200\;C:\Users\USER\AppData\Local\Android\sdk\platform-tools\;C:\Program Files\Java\jdk1.8.0_131\bin\;C:\Users\USER\AppData\Local\Microsoft\WindowsApps;C:\Users\USER\AppData\Local\atom\bin
USERNAME=ART_F
OS=Windows_NT
PROCESSOR_IDENTIFIER=Intel64 Family 6 Model 58 Stepping 9, GenuineIntel



---------------  S Y S T E M  ---------------

OS: Windows 10.0 , 64 bit Build 16299 (10.0.16299.15)

CPU:total 4 (initial active 4) (2 cores per cpu, 2 threads per core) family 6 model 58 stepping 9, cmov, cx8, fxsr, mmx, sse, sse2, sse3, ssse3, sse4.1, sse4.2, popcnt, avx, aes, clmul, erms, ht, tsc, tscinvbit, tscinv

Memory: 4k page, physical 12477216k(4115520k free), swap 13001504k(4800k free)

vm_info: OpenJDK 64-Bit Server VM (25.152-b01) for windows-amd64 JRE (1.8.0_152-release-915-b01), built by "builder" with MS VC++ 10.0 (VS2010)

time: Mon Jan 22 01:35:27 2018
elapsed time: 1335 seconds (0d 0h 22m 15s)

